
C:\Users\Denton\Desktop\MADS Commdore 128\Disass128 tass\include>64tass disa.asm -L disa.lst -o disa.prg  
64tass Turbo Assembler Macro V1.53.1515
64TASS comes with ABSOLUTELY NO WARRANTY; This is free software, and you
are welcome to redistribute it under certain conditions; See LICENSE!

Assembling file:   disa.asm
Assembling file:   dis.asm
Assembling file:   option.asm
Assembling file:   util.asm
Assembling file:   mode.asm
Assembling file:   internal.asm
Assembling file:   asc.asm
Assembling file:   table.asm
Assembling file:   sym.asm
Error messages:    None
Warning messages:  None
Passes:            3
Memory range:      $1c01-$1d10   $0110
Memory range:      $1e11-$3b9e   $1d8e
Memory range:      $439f-$4550   $01b2

C:\Users\Denton\Desktop\MADS Commdore 128\Disass128 tass\include>rem pause 
