
; 64tass Turbo Assembler Macro V1.53.1515 listing file
; 64tass -L bcrossref.lst -o bcrossref.prg bcrossref.asm
; Wed Feb 21 19:54:25 2018

;Offset	;Hex		;Monitor	;Source

;******  Processing input file: bcrossref.asm

>1c01	0d 1c				      .WORD BASIC    ;LINE LINK POINTER
>1c03	0a 00				      .BYTE $0A,$00  ;LINE NUMBER (10)
>1c05	9e				      .BYTE $9E      ;SYS COMMAND TOKEN
>1c06	28 37 31 38 33 29		      .TEXT '(7183)' ;CALL TO $080F
>1c0c	00				      .BYTE $00      ;END OF LINE
>1c0d	00 00				BASIC .BYTE $00,$00  ;END OF BASIC

;******  Processing file: crossref.asm

=$0003					ADRAY1=$0003
=$0005					ADRAY2=$0005
=$0007					CHARAC=$0007
=$0008					ENDCHR=$0008
=$0009					TRMPOS=$0009
=$000a					VERCK =$000A
=$000b					COUNT =$000B
=$000c					DIMFLG=$000C
=$000d					VALTYP=$000D
=$000e					INTFLG=$000E
=$000f					GARBFL=$000F
=$0010					SUBFLG=$0010
=$0011					INPFLG=$0011
=$0012					TANSGN=$0012
=$0013					CHANNL=$0013
=$0014					LINNUM=$0014
=$0016					TEMPPT=$0016
=$0017					LASTPT=$0017
=$0019					TEMPST=$0019
=$04					XRLPNT = $04
=$06					XRFPNT = $06
=$d011					SCREG=$D011
=$4d37					BASSFT=$4D37 ;$E386 ;RETURN TO BASIC
=$c72d					PRTCHR=$C72D ;$E716 ;PRINT CHAR TO SCREEN
=$ffba					SETLFS=$FFBA
=$ffbd					SETNAM=$FFBD
=$ffc0					OPEN=$FFC0
=$ffc3					CLOSE=$FFC3
=$ffc6					CHKIN=$FFC6
=$ffc9					CHKOUT=$FFC9
=$ffcc					CLRCHN=$FFCC
=$ffcf					CHRIN=$FFCF
=$ffd2					CHROUT=$FFD2
=$cd6f					CURON  = $CD6F
=$cd9f					CUROFF = $CD9F
=$ff68					SETBNK = $FF68 ;JSETBNK
=$ff4a					CLOSEA = $FF4A ;CLOSE-ALL
=$ffe7					CLALL  = $FFE7 ;CLEAR ALL I/O
=$ff7d					PRIMM  = $FF7D ;PRINTIMMEDIATE
.1c0f	20 c5 21	jsr $21c5	XXREF  JSR SAVZPG
.1c12	4c 89 1c	jmp $1c89	       JMP XX0889
>1c15	aa aa aa aa aa aa		ZPGSTR .BYTE $AA,$AA,$AA,$AA,$AA,$AA
>1c1b	aa aa aa aa aa aa		       .BYTE $AA,$AA,$AA,$AA,$AA,$AA
>1c21	aa aa aa aa aa aa		       .BYTE $AA,$AA,$AA,$AA,$AA,$AA
>1c27	aa aa aa aa aa aa		       .BYTE $AA,$AA,$AA,$AA,$AA,$AA
>1c2d	aa				DEVIN  .BYTE $AA ;XX082D INPUT DEVICE
>1c2e	aa				XX082E .BYTE $AA
>1c2f	aa				XX082F .BYTE $AA
>1c30	aa				PRTFLG .BYTE $AA ;XX0830 HARDCOPY FLAG
>1c31	aa				XX0831 .BYTE $AA
>1c32	aa				XX0832 .BYTE $AA
>1c33	aa				XX0833 .BYTE $AA
>1c34	aa				XX0834 .BYTE $AA
>1c35	aa aa aa aa			       .BYTE $AA,$AA,$AA,$AA
>1c39	aa aa aa aa			       .BYTE $AA,$AA,$AA,$AA
>1c3d	aa aa aa aa			       .BYTE $AA,$AA,$AA,$AA
>1c41	aa				XX0841 .BYTE $AA
>1c42	aa aa				       .BYTE $AA,$AA
>1c44	aa				XRFFNM .BYTE $AA ;XX0844
>1c45	aa aa aa aa			       .BYTE $AA,$AA,$AA,$AA
>1c49	aa				XX0849 .BYTE $AA
>1c4a	aa aa aa aa aa			       .BYTE $AA,$AA,$AA,$AA,$AA
>1c4f	aa aa aa aa aa			       .BYTE $AA,$AA,$AA,$AA,$AA
>1c54	aa				XX0854 .BYTE $AA
>1c55	aa				XX0855 .BYTE $AA
>1c56	aa				XX0856 .BYTE $AA
>1c57	aa				XX0857 .BYTE $AA
>1c58	aa				XX0858 .BYTE $AA
>1c59	aa aa aa aa aa			       .BYTE $AA,$AA,$AA,$AA,$AA
>1c5e	aa aa aa aa aa			       .BYTE $AA,$AA,$AA,$AA,$AA
>1c63	aa aa aa aa aa			       .BYTE $AA,$AA,$AA,$AA,$AA
>1c68	aa aa aa aa aa			       .BYTE $AA,$AA,$AA,$AA,$AA
>1c6d	aa aa aa aa aa			       .BYTE $AA,$AA,$AA,$AA,$AA
>1c72	aa aa aa aa aa			       .BYTE $AA,$AA,$AA,$AA,$AA
>1c77	aa aa aa aa aa			       .BYTE $AA,$AA,$AA,$AA,$AA
>1c7c	aa aa aa aa aa			       .BYTE $AA,$AA,$AA,$AA,$AA
>1c81	aa aa aa aa aa			       .BYTE $AA,$AA,$AA,$AA,$AA
>1c86	aa aa aa			       .BYTE $AA,$AA,$AA
.1c89	d8		cld		XX0889 CLD
.1c8a	a9 00		lda #$00	       LDA #$00
.1c8c	8d 33 1c	sta $1c33	       STA XX0833
.1c8f	8d 31 1c	sta $1c31	       STA XX0831
.1c92	8d 32 1c	sta $1c32	       STA XX0832
.1c95	ee 31 1c	inc $1c31	       INC XX0831
.1c98	8d 2d 1c	sta $1c2d	       STA DEVIN
.1c9b	85 18		sta $18		       STA $18
.1c9d	85 19		sta $19		       STA $19
.1c9f	a9 05		lda #$05	       LDA #$05
.1ca1	a2 00		ldx #$00	       LDX #$00
.1ca3	a0 ff		ldy #$ff	       LDY #$FF
.1ca5	20 ba ff	jsr $ffba	       JSR SETLFS
.1ca8	a9 00		lda #$00	       LDA #$00
.1caa	20 bd ff	jsr $ffbd	       JSR SETNAM
.1cad	a9 00		lda #$00	       LDA #$00     ;LOAD INTO BANK 1
.1caf	a2 00		ldx #$00	       LDX #$00     ;PROGRAM IN BANK 0
.1cb1	20 68 ff	jsr $ff68	       JSR SETBNK
.1cb4	20 c0 ff	jsr $ffc0	       JSR OPEN
.1cb7	a9 01		lda #$01	       LDA #$01
.1cb9	a2 03		ldx #$03	       LDX #$03
.1cbb	a0 ff		ldy #$ff	       LDY #$FF
.1cbd	20 ba ff	jsr $ffba	       JSR SETLFS
.1cc0	a9 00		lda #$00	       LDA #$00
.1cc2	20 bd ff	jsr $ffbd	       JSR SETNAM
.1cc5	a9 00		lda #$00	       LDA #$00     ;LOAD INTO BANK 1
.1cc7	a2 00		ldx #$00	       LDX #$00     ;PROGRAM IN BANK 0
.1cc9	20 68 ff	jsr $ff68	       JSR SETBNK
.1ccc	20 c0 ff	jsr $ffc0	       JSR OPEN
.1ccf	a9 93		lda #$93	       LDA #$93 ;SCREEN CLEAR
.1cd1	20 d2 ff	jsr $ffd2	       JSR CHROUT
.1cd4	a2 05		ldx #$05	       LDX #$05
.1cd6	8e 2d 1c	stx $1c2d	       STX DEVIN
.1cd9	20 c6 ff	jsr $ffc6	       JSR CHKIN
.1cdc	a9 21		lda #$21	       LDA #>MESSG ;$0D
.1cde	a0 44		ldy #$44	       LDY #<MESSG ;$13
.1ce0	20 af 20	jsr $20af	       JSR XX0C7E
.1ce3	20 cf ff	jsr $ffcf	       JSR CHRIN
.1ce6	a2 00		ldx #$00	       LDX #$00
.1ce8	8e 30 1c	stx $1c30	       STX PRTFLG
.1ceb	c9 4e		cmp #$4e	       CMP #$4E      ;'N'
.1ced	f0 02		beq $1cf1	       BEQ XX08E3
.1cef	a2 80		ldx #$80	       LDX #$80
.1cf1	8e 30 1c	stx $1c30	XX08E3 STX PRTFLG
.1cf4	a9 04		lda #$04	       LDA #$04
.1cf6	aa		tax		       TAX
.1cf7	a0 ff		ldy #$ff	       LDY #$FF
.1cf9	20 ba ff	jsr $ffba	       JSR SETLFS
.1cfc	a9 00		lda #$00	       LDA #$00
.1cfe	20 bd ff	jsr $ffbd	       JSR SETNAM
.1d01	a9 00		lda #$00	       LDA #$00     ;LOAD INTO BANK 1
.1d03	a2 00		ldx #$00	       LDX #$00     ;PROGRAM IN BANK 0
.1d05	20 68 ff	jsr $ff68	       JSR SETBNK
.1d08	20 c0 ff	jsr $ffc0	       JSR OPEN
.1d0b	20 ae 21	jsr $21ae	       JSR SCROFF
.1d0e	a9 0d		lda #$0d	       LDA #$0D
.1d10	20 d2 ff	jsr $ffd2	       JSR CHROUT
.1d13	a9 07		lda #$07	       LDA #$07
.1d15	a2 08		ldx #$08	       LDX #$08
.1d17	a0 0f		ldy #$0f	       LDY #$0F
.1d19	20 ba ff	jsr $ffba	       JSR SETLFS
.1d1c	a9 49		lda #$49	       LDA #$49      ;'I'
.1d1e	8d 57 1c	sta $1c57	       STA XX0857
.1d21	a9 30		lda #$30	       LDA #$30      ;'0'
.1d23	8d 58 1c	sta $1c58	       STA XX0858
.1d26	a2 57		ldx #$57	       LDX #<XX0857 ;#$57      ;'W'
.1d28	a0 1c		ldy #$1c	       LDY #>XX0857 ;#$08
.1d2a	a9 02		lda #$02	       LDA #$02
.1d2c	20 bd ff	jsr $ffbd	       JSR SETNAM
.1d2f	a9 00		lda #$00	       LDA #$00     ;LOAD INTO BANK 1
.1d31	a2 00		ldx #$00	       LDX #$00     ;PROGRAM IN BANK 0
.1d33	20 68 ff	jsr $ff68	       JSR SETBNK
.1d36	20 c0 ff	jsr $ffc0	       JSR OPEN
.1d39	a9 00		lda #$00	       LDA #$00
.1d3b	a0 02		ldy #$02	       LDY #$02
.1d3d	8d 2e 1c	sta $1c2e	       STA XX082E
.1d40	8c 2f 1c	sty $1c2f	       STY XX082F
.1d43	a0 00		ldy #$00	       LDY #$00
.1d45	b9 7c 21	lda $217c,y	XX0929 LDA XRFF00,Y ;XX0D4B
.1d48	99 44 1c	sta $1c44,y	       STA XRFFNM,Y ;XX0844
.1d4b	c8		iny		       INY
.1d4c	c0 0e		cpy #$0e	       CPY #$0E
.1d4e	d0 f5		bne $1d45	       BNE XX0929
.1d50	20 15 21	jsr $2115	       JSR XX0CE4
.1d53	20 cc ff	jsr $ffcc	       JSR CLRCHN
.1d56	a9 08		lda #$08	       LDA #$08
.1d58	aa		tax		       TAX
.1d59	a8		tay		       TAY
.1d5a	20 ba ff	jsr $ffba	       JSR SETLFS
.1d5d	a2 6e		ldx #$6e	       LDX #<XRLL00 ;$3D
.1d5f	a0 21		ldy #$21	       LDY #>XRLL00 ;$0D
.1d61	a9 0e		lda #$0e	       LDA #$0E     ;14 CHARS
.1d63	20 bd ff	jsr $ffbd	       JSR SETNAM
.1d66	a9 00		lda #$00	       LDA #$00     ;LOAD INTO BANK 1
.1d68	a2 00		ldx #$00	       LDX #$00     ;PROGRAM IN BANK 0
.1d6a	20 68 ff	jsr $ff68	       JSR SETBNK
.1d6d	20 c0 ff	jsr $ffc0	       JSR OPEN
.1d70	20 56 20	jsr $2056	       JSR XX0C25
.1d73	a5 18		lda $18		XX0950 LDA $18
.1d75	a4 19		ldy $19		       LDY $19
.1d77	85 16		sta $16		       STA $16
.1d79	84 17		sty $17		       STY $17
.1d7b	18		clc		       CLC
.1d7c	a5 16		lda $16		       LDA $16
.1d7e	6d 2e 1c	adc $1c2e	       ADC XX082E
.1d81	85 18		sta $18		       STA $18
.1d83	a5 17		lda $17		       LDA $17
.1d85	6d 2f 1c	adc $1c2f	       ADC XX082F
.1d88	85 19		sta $19		       STA $19
.1d8a	a9 db		lda #$db	       LDA #<XX0DAA ;#$AA
.1d8c	a0 21		ldy #$21	       LDY #>XX0DAA ;#$0D
.1d8e	85 04		sta $04		       STA XRLPNT
.1d90	84 05		sty $05		       STY XRLPNT+1
.1d92	a9 db		lda #$db	       LDA #<XX15AA ;#$AA
.1d94	a0 29		ldy #$29	       LDY #>XX15AA ;#$15
.1d96	85 06		sta $06		       STA XRFPNT
.1d98	84 07		sty $07		       STY XRFPNT+1
.1d9a	a5 04		lda $04		       LDA XRLPNT
.1d9c	a4 05		ldy $05		       LDY XRLPNT+1
.1d9e	85 0c		sta $0c		       STA $0C
.1da0	84 0d		sty $0d		       STY $0D
.1da2	a0 00		ldy #$00	       LDY #$00
.1da4	98		tya		XX0981 TYA
.1da5	91 0c		sta ($0c),y	       STA ($0C),Y
.1da7	e6 0c		inc $0c		       INC $0C
.1da9	d0 02		bne $1dad	       BNE XX098A
.1dab	e6 0d		inc $0d		       INC $0D
.1dad	a5 0d		lda $0d		XX098A LDA $0D
.1daf	c5 07		cmp $07		       CMP XRFPNT+1
.1db1	d0 f1		bne $1da4	       BNE XX0981
.1db3	a5 0c		lda $0c		       LDA $0C
.1db5	c5 06		cmp $06		       CMP XRFPNT
.1db7	d0 eb		bne $1da4	       BNE XX0981
.1db9	a0 0d		ldy #$0d	       LDY #$0D
.1dbb	b9 44 1c	lda $1c44,y	XX0998 LDA XRFFNM,Y
.1dbe	99 34 1c	sta $1c34,y	       STA XX0834,Y
.1dc1	88		dey		       DEY
.1dc2	10 f7		bpl $1dbb	       BPL XX0998
.1dc4	a9 52		lda #$52	       LDA #$52      ;'R'
.1dc6	8d 41 1c	sta $1c41	       STA XX0841
.1dc9	a2 04		ldx #$04	       LDX #$04
.1dcb	fe 49 1c	inc $1c49,x	XX09A8 INC XX0849,X
.1dce	bd 49 1c	lda $1c49,x	       LDA XX0849,X
.1dd1	c9 3a		cmp #$3a	       CMP #$3A      ;':'
.1dd3	d0 08		bne $1ddd	       BNE XX09BA
.1dd5	a9 30		lda #$30	       LDA #$30      ;'0'
.1dd7	9d 49 1c	sta $1c49,x	       STA XX0849,X
.1dda	ca		dex		       DEX
.1ddb	d0 ee		bne $1dcb	       BNE XX09A8
.1ddd	a9 09		lda #$09	XX09BA LDA #$09
.1ddf	a2 08		ldx #$08	       LDX #$08
.1de1	a8		tay		       TAY
.1de2	20 ba ff	jsr $ffba	       JSR SETLFS
.1de5	a2 34		ldx #$34	       LDX #<XX0834 ;#$34      ;'4'
.1de7	a0 1c		ldy #$1c	       LDY #>XX0834 ;#$08
.1de9	a9 0e		lda #$0e	       LDA #$0E
.1deb	20 bd ff	jsr $ffbd	       JSR SETNAM
.1dee	a9 00		lda #$00	       LDA #$00     ;LOAD INTO BANK 1
.1df0	a2 00		ldx #$00	       LDX #$00     ;PROGRAM IN BANK 0
.1df2	20 68 ff	jsr $ff68	       JSR SETBNK
.1df5	20 c0 ff	jsr $ffc0	       JSR OPEN
.1df8	20 56 20	jsr $2056	       JSR XX0C25
.1dfb	a9 0a		lda #$0a	       LDA #$0A
.1dfd	a2 08		ldx #$08	       LDX #$08
.1dff	a8		tay		       TAY
.1e00	20 ba ff	jsr $ffba	       JSR SETLFS
.1e03	a2 44		ldx #$44	       LDX #<XRFFNM ;#$44      ;'D'
.1e05	a0 1c		ldy #$1c	       LDY #>XRFFNM ;#$08
.1e07	a9 0e		lda #$0e	       LDA #$0E
.1e09	20 bd ff	jsr $ffbd	       JSR SETNAM
.1e0c	a9 00		lda #$00	       LDA #$00     ;LOAD INTO BANK 1
.1e0e	a2 00		ldx #$00	       LDX #$00     ;PROGRAM IN BANK 0
.1e10	20 68 ff	jsr $ff68	       JSR SETBNK
.1e13	20 c0 ff	jsr $ffc0	       JSR OPEN
.1e16	20 56 20	jsr $2056	       JSR XX0C25
.1e19	a9 00		lda #$00	       LDA #$00
.1e1b	85 15		sta $15		       STA $15
.1e1d	a2 09		ldx #$09	XX09EC LDX #$09
.1e1f	ec 2d 1c	cpx $1c2d	       CPX DEVIN
.1e22	f0 0b		beq $1e2f	       BEQ XX09FE
.1e24	8e 2d 1c	stx $1c2d	       STX DEVIN
.1e27	20 cc ff	jsr $ffcc	       JSR CLRCHN
.1e2a	a2 09		ldx #$09	       LDX #$09
.1e2c	20 c6 ff	jsr $ffc6	       JSR CHKIN
.1e2f	20 cf ff	jsr $ffcf	XX09FE JSR CHRIN
.1e32	85 08		sta $08		       STA $08
.1e34	20 cf ff	jsr $ffcf	       JSR CHRIN
.1e37	85 09		sta $09		       STA $09
.1e39	20 cf ff	jsr $ffcf	       JSR CHRIN
.1e3c	85 0a		sta $0a		       STA $0A
.1e3e	20 cf ff	jsr $ffcf	       JSR CHRIN
.1e41	85 0b		sta $0b		       STA $0B
.1e43	a5 90		lda $90		       LDA $90
.1e45	85 15		sta $15		       STA $15
.1e47	38		sec		       SEC
.1e48	a5 08		lda $08		       LDA $08
.1e4a	e5 16		sbc $16		       SBC $16
.1e4c	a5 09		lda $09		       LDA $09
.1e4e	e5 17		sbc $17		       SBC $17
.1e50	90 0a		bcc $1e5c	       BCC XX0A2B
.1e52	a5 08		lda $08		       LDA $08
.1e54	e5 18		sbc $18		       SBC $18
.1e56	a5 09		lda $09		       LDA $09
.1e58	e5 19		sbc $19		       SBC $19
.1e5a	90 22		bcc $1e7e	       BCC XX0A4D
.1e5c	20 cc ff	jsr $ffcc	XX0A2B JSR CLRCHN
.1e5f	a2 0a		ldx #$0a	       LDX #$0A
.1e61	8e 2d 1c	stx $1c2d	       STX DEVIN
.1e64	20 c9 ff	jsr $ffc9	       JSR CHKOUT
.1e67	a5 08		lda $08		       LDA $08
.1e69	20 d2 ff	jsr $ffd2	       JSR CHROUT
.1e6c	a5 09		lda $09		       LDA $09
.1e6e	20 d2 ff	jsr $ffd2	       JSR CHROUT
.1e71	a5 0a		lda $0a		       LDA $0A
.1e73	20 d2 ff	jsr $ffd2	       JSR CHROUT
.1e76	a5 0b		lda $0b		       LDA $0B
.1e78	20 d2 ff	jsr $ffd2	       JSR CHROUT
.1e7b	4c ec 1e	jmp $1eec	       JMP XX0ABB
.1e7e	38		sec		XX0A4D SEC
.1e7f	a5 08		lda $08		       LDA $08
.1e81	e5 16		sbc $16		       SBC $16
.1e83	85 0c		sta $0c		       STA $0C
.1e85	a5 09		lda $09		       LDA $09
.1e87	e5 17		sbc $17		       SBC $17
.1e89	06 0c		asl $0c		       ASL $0C
.1e8b	2a		rol a		       ROL A
.1e8c	06 0c		asl $0c		       ASL $0C
.1e8e	2a		rol a		       ROL A
.1e8f	85 0d		sta $0d		       STA $0D
.1e91	18		clc		       CLC
.1e92	a5 0c		lda $0c		       LDA $0C
.1e94	65 04		adc $04		       ADC XRLPNT
.1e96	85 0c		sta $0c		       STA $0C
.1e98	a5 0d		lda $0d		       LDA $0D
.1e9a	65 05		adc $05		       ADC XRLPNT+1
.1e9c	85 0d		sta $0d		       STA $0D
.1e9e	a0 01		ldy #$01	       LDY #$01
.1ea0	b1 0c		lda ($0c),y	       LDA ($0C),Y
.1ea2	d0 16		bne $1eba	       BNE XX0A89
.1ea4	88		dey		       DEY
.1ea5	a5 06		lda $06		       LDA XRFPNT
.1ea7	91 0c		sta ($0c),y	       STA ($0C),Y
.1ea9	c8		iny		       INY
.1eaa	a5 07		lda $07		       LDA XRFPNT+1
.1eac	91 0c		sta ($0c),y	       STA ($0C),Y
.1eae	c8		iny		       INY
.1eaf	a5 06		lda $06		       LDA XRFPNT
.1eb1	91 0c		sta ($0c),y	       STA ($0C),Y
.1eb3	c8		iny		       INY
.1eb4	a5 07		lda $07		       LDA XRFPNT+1
.1eb6	91 0c		sta ($0c),y	       STA ($0C),Y
.1eb8	d0 17		bne $1ed1	       BNE XX0AA0
.1eba	88		dey		XX0A89 DEY
.1ebb	b1 0c		lda ($0c),y	       LDA ($0C),Y
.1ebd	85 0e		sta $0e		       STA $0E
.1ebf	c8		iny		       INY
.1ec0	b1 0c		lda ($0c),y	       LDA ($0C),Y
.1ec2	85 0f		sta $0f		       STA $0F
.1ec4	a5 07		lda $07		       LDA XRFPNT+1
.1ec6	91 0c		sta ($0c),y	       STA ($0C),Y
.1ec8	91 0e		sta ($0e),y	       STA ($0E),Y
.1eca	88		dey		       DEY
.1ecb	a5 06		lda $06		       LDA XRFPNT
.1ecd	91 0c		sta ($0c),y	       STA ($0C),Y
.1ecf	91 0e		sta ($0e),y	       STA ($0E),Y
.1ed1	a0 01		ldy #$01	XX0AA0 LDY #$01
.1ed3	a9 00		lda #$00	       LDA #$00
.1ed5	91 06		sta ($06),y	       STA (XRFPNT),Y
.1ed7	c8		iny		       INY
.1ed8	a5 0a		lda $0a		       LDA $0A
.1eda	91 06		sta ($06),y	       STA (XRFPNT),Y
.1edc	c8		iny		       INY
.1edd	a5 0b		lda $0b		       LDA $0B
.1edf	91 06		sta ($06),y	       STA (XRFPNT),Y
.1ee1	18		clc		       CLC
.1ee2	a5 06		lda $06		       LDA XRFPNT
.1ee4	69 04		adc #$04	       ADC #$04
.1ee6	85 06		sta $06		       STA XRFPNT
.1ee8	90 02		bcc $1eec	       BCC XX0ABB
.1eea	e6 07		inc $07		       INC XRFPNT+1
.1eec	a5 15		lda $15		XX0ABB LDA $15
.1eee	d0 03		bne $1ef3	       BNE XX0AC2
.1ef0	4c 1d 1e	jmp $1e1d	       JMP XX09EC
.1ef3	a9 09		lda #$09	XX0AC2 LDA #$09
.1ef5	20 c3 ff	jsr $ffc3	       JSR CLOSE
.1ef8	a9 0a		lda #$0a	       LDA #$0A
.1efa	20 c3 ff	jsr $ffc3	       JSR CLOSE
.1efd	a0 01		ldy #$01	XX0ACC LDY #$01
.1eff	b1 04		lda ($04),y	       LDA (XRLPNT),Y
.1f01	a0 03		ldy #$03	       LDY #$03
.1f03	d1 04		cmp ($04),y	       CMP (XRLPNT),Y
.1f05	d0 0e		bne $1f15	       BNE XX0AE4
.1f07	a0 00		ldy #$00	       LDY #$00
.1f09	b1 04		lda ($04),y	       LDA (XRLPNT),Y
.1f0b	a0 02		ldy #$02	       LDY #$02
.1f0d	d1 04		cmp ($04),y	       CMP (XRLPNT),Y
.1f0f	d0 04		bne $1f15	       BNE XX0AE4
.1f11	a9 2a		lda #$2a	       LDA #$2A      ;'*'
.1f13	d0 02		bne $1f17	       BNE XX0AE6
.1f15	a9 20		lda #$20	XX0AE4 LDA #$20      ;' '
.1f17	20 29 20	jsr $2029	XX0AE6 JSR PCHAR
.1f1a	20 27 20	jsr $2027	       JSR XX0BF6
.1f1d	a0 06		ldy #$06	       LDY #$06
.1f1f	20 bd 1f	jsr $1fbd	XX0AEE JSR XX0B8C
.1f22	20 29 20	jsr $2029	       JSR PCHAR
.1f25	88		dey		       DEY
.1f26	d0 f7		bne $1f1f	       BNE XX0AEE
.1f28	20 27 20	jsr $2027	       JSR XX0BF6
.1f2b	a9 24		lda #$24	       LDA #$24      ;'$'
.1f2d	20 29 20	jsr $2029	       JSR PCHAR
.1f30	20 bd 1f	jsr $1fbd	       JSR XX0B8C
.1f33	20 da 20	jsr $20da	       JSR XX0CA9
.1f36	20 bd 1f	jsr $1fbd	       JSR XX0B8C
.1f39	a6 90		ldx $90		       LDX $90
.1f3b	86 14		stx $14		       STX $14
.1f3d	20 da 20	jsr $20da	       JSR XX0CA9
.1f40	a0 02		ldy #$02	       LDY #$02
.1f42	b1 04		lda ($04),y	       LDA (XRLPNT),Y
.1f44	aa		tax		       TAX
.1f45	c8		iny		       INY
.1f46	b1 04		lda ($04),y	       LDA (XRLPNT),Y
.1f48	86 0c		stx $0c		       STX $0C
.1f4a	85 0d		sta $0d		       STA $0D
.1f4c	d0 2c		bne $1f7a	       BNE XX0B49
.1f4e	20 27 20	jsr $2027	XX0B1D JSR XX0BF6
.1f51	a0 02		ldy #$02	       LDY #$02
.1f53	b1 0c		lda ($0c),y	       LDA ($0C),Y
.1f55	aa		tax		       TAX
.1f56	c8		iny		       INY
.1f57	b1 0c		lda ($0c),y	       LDA ($0C),Y
.1f59	20 d2 1f	jsr $1fd2	       JSR XX0BA1
.1f5c	a0 01		ldy #$01	       LDY #$01
.1f5e	b1 0c		lda ($0c),y	       LDA ($0C),Y
.1f60	aa		tax		       TAX
.1f61	f0 1e		beq $1f81	       BEQ XX0B50
.1f63	88		dey		       DEY
.1f64	b1 0c		lda ($0c),y	       LDA ($0C),Y
.1f66	85 0c		sta $0c		       STA $0C
.1f68	86 0d		stx $0d		       STX $0D
.1f6a	ce 54 1c	dec $1c54	       DEC XX0854
.1f6d	d0 df		bne $1f4e	       BNE XX0B1D
.1f6f	20 05 21	jsr $2105	       JSR XX0CD4
.1f72	a2 07		ldx #$07	       LDX #$07
.1f74	20 24 20	jsr $2024	XX0B43 JSR XX0BF3
.1f77	ca		dex		       DEX
.1f78	d0 fa		bne $1f74	       BNE XX0B43
.1f7a	a0 0a		ldy #$0a	XX0B49 LDY #$0A
.1f7c	8c 54 1c	sty $1c54	       STY XX0854
.1f7f	d0 cd		bne $1f4e	       BNE XX0B1D
.1f81	20 05 21	jsr $2105	XX0B50 JSR XX0CD4
.1f84	a5 14		lda $14		       LDA $14
.1f86	d0 1f		bne $1fa7	       BNE XX0B76
.1f88	18		clc		       CLC
.1f89	a5 04		lda $04		       LDA XRLPNT
.1f8b	69 04		adc #$04	       ADC #$04
.1f8d	85 04		sta $04		       STA XRLPNT
.1f8f	90 02		bcc $1f93	       BCC XX0B62
.1f91	e6 05		inc $05		       INC XRLPNT+1
.1f93	38		sec		XX0B62 SEC
.1f94	a5 04		lda $04		       LDA XRLPNT
.1f96	e9 db		sbc #$db	       SBC #<XX15AA ;#$AA
.1f98	a5 05		lda $05		       LDA XRLPNT+1
.1f9a	e9 29		sbc #$29	       SBC #>XX15AA ;#$15
.1f9c	b0 03		bcs $1fa1	       BCS XX0B70
.1f9e	4c fd 1e	jmp $1efd	       JMP XX0ACC
.1fa1	20 cc ff	jsr $ffcc	XX0B70 JSR CLRCHN
.1fa4	4c 73 1d	jmp $1d73	       JMP XX0950
.1fa7	20 f2 20	jsr $20f2	XX0B76 JSR XX0CC1
.1faa	20 f2 20	jsr $20f2	       JSR XX0CC1
.1fad	a9 04		lda #$04	       LDA #$04
.1faf	20 c3 ff	jsr $ffc3	       JSR CLOSE
.1fb2	a9 08		lda #$08	       LDA #$08
.1fb4	20 c3 ff	jsr $ffc3	       JSR CLOSE
.1fb7	20 cc ff	jsr $ffcc	       JSR CLRCHN
.1fba	4c a6 20	jmp $20a6	       JMP XX0C75
.1fbd	a2 08		ldx #$08	XX0B8C LDX #$08
.1fbf	ec 2d 1c	cpx $1c2d	       CPX DEVIN
.1fc2	f0 0b		beq $1fcf	       BEQ XX0B9E
.1fc4	8e 2d 1c	stx $1c2d	       STX DEVIN
.1fc7	20 cc ff	jsr $ffcc	       JSR CLRCHN
.1fca	a2 08		ldx #$08	       LDX #$08
.1fcc	20 c6 ff	jsr $ffc6	       JSR CHKIN
.1fcf	4c cf ff	jmp $ffcf	XX0B9E JMP CHRIN
.1fd2	86 10		stx $10		XX0BA1 STX $10
.1fd4	85 11		sta $11		       STA $11
.1fd6	a9 00		lda #$00	       LDA #$00
.1fd8	8d 55 1c	sta $1c55	       STA XX0855
.1fdb	a2 04		ldx #$04	       LDX #$04
.1fdd	8e 56 1c	stx $1c56	       STX XX0856
.1fe0	ae 56 1c	ldx $1c56	XX0BAF LDX XX0856
.1fe3	a0 30		ldy #$30	       LDY #$30      ;'0'
.1fe5	d0 04		bne $1feb	       BNE XX0BBA
.1fe7	c8		iny		XX0BB6 INY
.1fe8	8c 55 1c	sty $1c55	       STY XX0855
.1feb	38		sec		XX0BBA SEC
.1fec	a5 10		lda $10		       LDA $10
.1fee	fd a4 21	sbc $21a4,x	       SBC XX0D73,X
.1ff1	85 10		sta $10		       STA $10
.1ff3	a5 11		lda $11		       LDA $11
.1ff5	fd a9 21	sbc $21a9,x	       SBC XX0D78,X
.1ff8	85 11		sta $11		       STA $11
.1ffa	b0 eb		bcs $1fe7	       BCS XX0BB6
.1ffc	a5 10		lda $10		       LDA $10
.1ffe	7d a4 21	adc $21a4,x	       ADC XX0D73,X
.2001	85 10		sta $10		       STA $10
.2003	a5 11		lda $11		       LDA $11
.2005	7d a9 21	adc $21a9,x	       ADC XX0D78,X
.2008	85 11		sta $11		       STA $11
.200a	98		tya		       TYA
.200b	c9 30		cmp #$30	       CMP #$30      ;'0'
.200d	d0 07		bne $2016	       BNE XX0BE5
.200f	ac 55 1c	ldy $1c55	       LDY XX0855
.2012	d0 02		bne $2016	       BNE XX0BE5
.2014	a9 20		lda #$20	       LDA #$20      ;' '
.2016	20 29 20	jsr $2029	XX0BE5 JSR PCHAR
.2019	ce 56 1c	dec $1c56	       DEC XX0856
.201c	10 c2		bpl $1fe0	       BPL XX0BAF
.201e	60		rts		       RTS
.201f	a9 0d		lda #$0d	PRTCR LDA #$0D
.2021	4c 29 20	jmp $2029	       JMP PCHAR
.2024	20 27 20	jsr $2027	XX0BF3 JSR XX0BF6
.2027	a9 20		lda #$20	XX0BF6 LDA #$20      ;' '
.2029	86 12		stx $12		PCHAR  STX $12
.202b	84 13		sty $13		       STY $13
.202d	48		pha		       PHA
.202e	2c 30 1c	bit $1c30	       BIT PRTFLG
.2031	10 1a		bpl $204d	       BPL XX0C1C
.2033	ad 2d 1c	lda $1c2d	       LDA DEVIN
.2036	c9 04		cmp #$04	       CMP #$04
.2038	f0 0b		beq $2045	       BEQ XX0C14
.203a	20 cc ff	jsr $ffcc	       JSR CLRCHN
.203d	a2 04		ldx #$04	       LDX #$04
.203f	8e 2d 1c	stx $1c2d	       STX DEVIN
.2042	20 c9 ff	jsr $ffc9	       JSR CHKOUT
.2045	68		pla		XX0C14 PLA
.2046	48		pha		       PHA
.2047	20 d2 ff	jsr $ffd2	       JSR CHROUT
.204a	4c 50 20	jmp $2050	       JMP XX0C1F
.204d	20 2d c7	jsr $c72d	XX0C1C JSR PRTCHR
.2050	68		pla		XX0C1F PLA
.2051	a4 13		ldy $13		       LDY $13
.2053	a6 12		ldx $12		       LDX $12
.2055	60		rts		       RTS
.2056	20 cc ff	jsr $ffcc	XX0C25 JSR CLRCHN
.2059	a2 07		ldx #$07	       LDX #$07
.205b	8e 2d 1c	stx $1c2d	       STX DEVIN
.205e	20 c6 ff	jsr $ffc6	       JSR CHKIN
.2061	20 cf ff	jsr $ffcf	       JSR CHRIN
.2064	85 02		sta $02		       STA $02
.2066	20 cf ff	jsr $ffcf	       JSR CHRIN
.2069	85 03		sta $03		       STA $03
.206b	c9 30		cmp #$30	       CMP #$30      ;'0'
.206d	d0 0e		bne $207d	       BNE XX0C4C
.206f	a5 02		lda $02		       LDA $02
.2071	c9 30		cmp #$30	       CMP #$30      ;'0'
.2073	d0 08		bne $207d	       BNE XX0C4C
.2075	20 cf ff	jsr $ffcf	XX0C44 JSR CHRIN
.2078	c9 0d		cmp #$0d	       CMP #$0D
.207a	d0 f9		bne $2075	       BNE XX0C44
.207c	60		rts		       RTS
.207d	a2 01		ldx #$01	XX0C4C LDX #$01
.207f	b5 02		lda $02,x	XX0C4E LDA $02,X
.2081	9d 57 1c	sta $1c57,x	       STA XX0857,X
.2084	ca		dex		       DEX
.2085	10 f8		bpl $207f	       BPL XX0C4E
.2087	a0 02		ldy #$02	       LDY #$02
.2089	84 13		sty $13		XX0C58 STY $13
.208b	20 cf ff	jsr $ffcf	       JSR CHRIN
.208e	c9 0d		cmp #$0d	       CMP #$0D
.2090	f0 08		beq $209a	       BEQ XX0C69
.2092	a4 13		ldy $13		       LDY $13
.2094	99 57 1c	sta $1c57,y	       STA XX0857,Y
.2097	c8		iny		       INY
.2098	d0 ef		bne $2089	       BNE XX0C58
.209a	a9 8d		lda #$8d	XX0C69 LDA #$8D
.209c	99 57 1c	sta $1c57,y	       STA XX0857,Y
.209f	a9 1c		lda #$1c	       LDA #>XX0857 ;#$08
.20a1	a0 57		ldy #$57	       LDY #<XX0857 ;#$57      ;'W'
.20a3	20 af 20	jsr $20af	       JSR XX0C7E
.20a6	20 bc 21	jsr $21bc	XX0C75 JSR SCRON
.20a9	20 d0 21	jsr $21d0	       JSR RETZPG
.20ac	4c 37 4d	jmp $4d37	       JMP BASSFT
.20af	48		pha		XX0C7E PHA
.20b0	a9 01		lda #$01	       LDA #$01
.20b2	cd 2d 1c	cmp $1c2d	       CMP DEVIN
.20b5	f0 0f		beq $20c6	       BEQ XX0C95
.20b7	98		tya		       TYA
.20b8	48		pha		       PHA
.20b9	20 cc ff	jsr $ffcc	       JSR CLRCHN
.20bc	a2 01		ldx #$01	       LDX #$01
.20be	8e 2d 1c	stx $1c2d	       STX DEVIN
.20c1	20 c9 ff	jsr $ffc9	       JSR CHKOUT
.20c4	68		pla		       PLA
.20c5	a8		tay		       TAY
.20c6	68		pla		XX0C95 PLA
.20c7	85 11		sta $11		       STA $11
.20c9	84 10		sty $10		       STY $10
.20cb	a0 00		ldy #$00	       LDY #$00
.20cd	b1 10		lda ($10),y	XX0C9C LDA ($10),Y
.20cf	c8		iny		       INY
.20d0	48		pha		       PHA
.20d1	29 7f		and #$7f	       AND #$7F
.20d3	20 d2 ff	jsr $ffd2	       JSR CHROUT
.20d6	68		pla		       PLA
.20d7	10 f4		bpl $20cd	       BPL XX0C9C
.20d9	60		rts		       RTS
.20da	48		pha		XX0CA9 PHA
.20db	4a		lsr a		       LSR A
.20dc	4a		lsr a		       LSR A
.20dd	4a		lsr a		       LSR A
.20de	4a		lsr a		       LSR A
.20df	20 e5 20	jsr $20e5	       JSR XX0CB4
.20e2	68		pla		       PLA
.20e3	29 0f		and #$0f	       AND #$0F
.20e5	18		clc		XX0CB4 CLC
.20e6	69 30		adc #$30	       ADC #$30      ;'0'
.20e8	c9 3a		cmp #$3a	       CMP #$3A      ;':'
.20ea	30 03		bmi $20ef	       BMI XX0CBE
.20ec	18		clc		       CLC
.20ed	69 07		adc #$07	       ADC #$07
.20ef	4c 29 20	jmp $2029	XX0CBE JMP PCHAR
.20f2	20 1f 20	jsr $201f	XX0CC1 JSR PRTCR
.20f5	ee 33 1c	inc $1c33	       INC XX0833
.20f8	ad 33 1c	lda $1c33	       LDA XX0833
.20fb	c9 42		cmp #$42	       CMP #$42      ;'B'
.20fd	d0 f3		bne $20f2	       BNE XX0CC1
.20ff	a9 00		lda #$00	       LDA #$00
.2101	8d 33 1c	sta $1c33	       STA XX0833
.2104	60		rts		       RTS
.2105	20 1f 20	jsr $201f	XX0CD4 JSR PRTCR
.2108	ee 33 1c	inc $1c33	       INC XX0833
.210b	ad 33 1c	lda $1c33	       LDA XX0833
.210e	c9 3c		cmp #$3c	       CMP #$3C      ;'<'
.2110	d0 31		bne $2143	       BNE XX0D12
.2112	20 f2 20	jsr $20f2	       JSR XX0CC1
.2115	20 05 21	jsr $2105	XX0CE4 JSR XX0CD4
.2118	8a		txa		       TXA
.2119	48		pha		       PHA
.211a	a2 00		ldx #$00	       LDX #$00
.211c	bd 8a 21	lda $218a,x	XX0CEB LDA BANNER,X
.211f	f0 06		beq $2127	       BEQ XX0CF6 ; ZERO BYTE END OF STRING
.2121	20 29 20	jsr $2029	       JSR PCHAR
.2124	e8		inx		       INX        ; INC CHAR POINTER
.2125	d0 f5		bne $211c	       BNE XX0CEB
.2127	ae 31 1c	ldx $1c31	XX0CF6 LDX XX0831
.212a	ad 32 1c	lda $1c32	       LDA XX0832
.212d	20 d2 1f	jsr $1fd2	       JSR XX0BA1
.2130	ee 31 1c	inc $1c31	       INC XX0831
.2133	d0 03		bne $2138	       BNE XX0D07
.2135	ee 32 1c	inc $1c32	       INC XX0832
.2138	20 05 21	jsr $2105	XX0D07 JSR XX0CD4
.213b	20 05 21	jsr $2105	       JSR XX0CD4
.213e	20 05 21	jsr $2105	       JSR XX0CD4
.2141	68		pla		       PLA
.2142	aa		tax		       TAX
.2143	60		rts		XX0D12 RTS
>2144	0d				MESSG  .BYTE $0D
>2145	43 52 4f 53 53 20 52 45		XX0D14 .TEXT 'CROSS REFERENCE'
>214d	46 45 52 45 4e 43 45
>2154	0d				XX0D23 .BYTE $0D
>2155	0d				XX0D24 .BYTE $0D
>2156	0d				XX0D25 .BYTE $0D
>2157	48 41 52 44 20 43 4f 50		XX0D26 .TEXT 'HARD COPY (CR/Y OR N)?'
>215f	59 20 28 43 52 2f 59 20 4f 52 20 4e 29 3f
>216d	a0				XX0D3C .BYTE $A0
>216e	30 3a 58 52 4c 4c 30 30		XRLL00 .TEXT '0:XRLL0000,S,R' ;XX0D3D
>2176	30 30 2c 53 2c 52
>217c	30 3a 58 52 46 46 30 30		XRFF00 .TEXT '0:XRFF0000,S,W' ;XX0D4B
>2184	30 30 2c 53 2c 57
>218a	43 52 4f 53 53 20 52 45		BANNER .TEXT 'CROSS REFERENCE......PAGE'
>2192	46 45 52 45 4e 43 45 2e 2e 2e 2e 2e 2e 50 41 47
>21a2	45
>21a3	00				       .BYTE $00
>21a4	01				XX0D73 .BYTE $01 ;1
>21a5	0a				       .BYTE $0A ;10
>21a6	64				       .BYTE $64 ;100
>21a7	e8				       .BYTE $E8 ;1000
>21a8	10				       .BYTE $10 ;10000
>21a9	00				XX0D78 .BYTE $00 ;1
>21aa	00				       .BYTE $00 ;10
>21ab	00				       .BYTE $00 ;100
>21ac	03				       .BYTE $03 ;1000
>21ad	27				       .BYTE $27 ;10000
.21ae	ad 30 1c	lda $1c30	SCROFF LDA PRTFLG
.21b1	10 08		bpl $21bb	       BPL XX0D8A
.21b3	ad 11 d0	lda $d011	       LDA SCREG
.21b6	29 ef		and #$ef	       AND #$EF
.21b8	8d 11 d0	sta $d011	       STA SCREG
.21bb	60		rts		XX0D8A RTS
.21bc	ad 11 d0	lda $d011	SCRON  LDA SCREG
.21bf	09 10		ora #$10	       ORA #$10
.21c1	8d 11 d0	sta $d011	       STA SCREG
.21c4	60		rts		       RTS
.21c5	a2 18		ldx #$18	SAVZPG LDX #$18
.21c7	b5 02		lda $02,x	XX0D96 LDA $02,X
.21c9	9d 15 1c	sta $1c15,x	       STA ZPGSTR,X
.21cc	ca		dex		       DEX
.21cd	10 f8		bpl $21c7	       BPL XX0D96
.21cf	60		rts		       RTS
.21d0	a2 18		ldx #$18	RETZPG LDX #$18
.21d2	bd 15 1c	lda $1c15,x	XX0DA1 LDA ZPGSTR,X
.21d5	95 02		sta $02,x	       STA $02,X
.21d7	ca		dex		       DEX
.21d8	10 f8		bpl $21d2	       BPL XX0DA1
.21da	60		rts		       RTS
=$21db					XX0DAA=*
=10715					XX15AA=*

;******  Return to file: bcrossref.asm


;******  End of listing
